# JRE version: Java(TM) SE Runtime Environment (8.0_20-b26) (build 1.8.0_20-b26)
# Java VM: Java HotSpot(TM) 64-Bit Server VM (25.20-b23 mixed mode windows-amd64 compressed oops)
Heap:
 PSYoungGen      total 169984K, used 138243K [0x00000000eab00000, 0x00000000f9d00000, 0x0000000100000000)
  eden space 117760K, 83% used [0x00000000eab00000,0x00000000f0ac56a0,0x00000000f1e00000)
  from space 52224K, 76% used [0x00000000f1e00000,0x00000000f453b788,0x00000000f5100000)
  to   space 56320K, 0% used [0x00000000f6600000,0x00000000f6600000,0x00000000f9d00000)
 ParOldGen       total 155648K, used 91155K [0x00000000c0000000, 0x00000000c9800000, 0x00000000eab00000)
  object space 155648K, 58% used [0x00000000c0000000,0x00000000c5904da8,0x00000000c9800000)
 Metaspace       used 6594K, capacity 7320K, committed 7680K, reserved 1056768K
  class space    used 620K, capacity 656K, committed 768K, reserved 1048576K
GC Heap History (10 events):
Event: 16.416 GC heap before
{Heap before GC invocations=9 (full 1):
 PSYoungGen      total 145408K, used 138693K [0x00000000eab00000, 0x00000000f4d00000, 0x0000000100000000)
  eden space 128000K, 100% used [0x00000000eab00000,0x00000000f2800000,0x00000000f2800000)
  from space 17408K, 61% used [0x00000000f2800000,0x00000000f3271630,0x00000000f3900000)
  to   space 14336K, 0% used [0x00000000f3900000,0x00000000f3900000,0x00000000f4700000)
 ParOldGen       total 88064K, used 43662K [0x00000000c0000000, 0x00000000c5600000, 0x00000000eab00000)
  object space 88064K, 49% used [0x00000000c0000000,0x00000000c2aa39b0,0x00000000c5600000)
 Metaspace       used 6459K, capacity 7256K, committed 7424K, reserved 1056768K
  class space    used 613K, capacity 656K, committed 768K, reserved 1048576K
Event: 16.565 GC heap after
Heap after GC invocations=9 (full 1):
 PSYoungGen      total 122368K, used 14328K [0x00000000eab00000, 0x00000000f9880000, 0x0000000100000000)
  eden space 108032K, 0% used [0x00000000eab00000,0x00000000eab00000,0x00000000f1480000)
  from space 14336K, 99% used [0x00000000f3900000,0x00000000f46fe1a8,0x00000000f4700000)
  to   space 37376K, 0% used [0x00000000f1480000,0x00000000f1480000,0x00000000f3900000)
 ParOldGen       total 88064K, used 62493K [0x00000000c0000000, 0x00000000c5600000, 0x00000000eab00000)
  object space 88064K, 70% used [0x00000000c0000000,0x00000000c3d07598,0x00000000c5600000)
 Metaspace       used 6459K, capacity 7256K, committed 7424K, reserved 1056768K
  class space    used 613K, capacity 656K, committed 768K, reserved 1048576K
}
Event: 17.049 GC heap before
{Heap before GC invocations=10 (full 1):
 PSYoungGen      total 122368K, used 122360K [0x00000000eab00000, 0x00000000f9880000, 0x0000000100000000)
  eden space 108032K, 100% used [0x00000000eab00000,0x00000000f1480000,0x00000000f1480000)
  from space 14336K, 99% used [0x00000000f3900000,0x00000000f46fe1a8,0x00000000f4700000)
  to   space 37376K, 0% used [0x00000000f1480000,0x00000000f1480000,0x00000000f3900000)
 ParOldGen       total 88064K, used 62493K [0x00000000c0000000, 0x00000000c5600000, 0x00000000eab00000)
  object space 88064K, 70% used [0x00000000c0000000,0x00000000c3d07598,0x00000000c5600000)
 Metaspace       used 6464K, capacity 7256K, committed 7424K, reserved 1056768K
  class space    used 613K, capacity 656K, committed 768K, reserved 1048576K
Event: 17.102 GC heap after
Heap after GC invocations=10 (full 1):
 PSYoungGen      total 145408K, used 32325K [0x00000000eab00000, 0x00000000f7a00000, 0x0000000100000000)
  eden space 108032K, 0% used [0x00000000eab00000,0x00000000eab00000,0x00000000f1480000)
  from space 37376K, 86% used [0x00000000f1480000,0x00000000f3411418,0x00000000f3900000)
  to   space 41984K, 0% used [0x00000000f5100000,0x00000000f5100000,0x00000000f7a00000)
 ParOldGen       total 88064K, used 63567K [0x00000000c0000000, 0x00000000c5600000, 0x00000000eab00000)
  object space 88064K, 72% used [0x00000000c0000000,0x00000000c3e13ee8,0x00000000c5600000)
 Metaspace       used 6464K, capacity 7256K, committed 7424K, reserved 1056768K
  class space    used 613K, capacity 656K, committed 768K, reserved 1048576K
}
Event: 17.702 GC heap before
{Heap before GC invocations=11 (full 1):
 PSYoungGen      total 145408K, used 140357K [0x00000000eab00000, 0x00000000f7a00000, 0x0000000100000000)
  eden space 108032K, 100% used [0x00000000eab00000,0x00000000f1480000,0x00000000f1480000)
  from space 37376K, 86% used [0x00000000f1480000,0x00000000f3411418,0x00000000f3900000)
  to   space 41984K, 0% used [0x00000000f5100000,0x00000000f5100000,0x00000000f7a00000)
 ParOldGen       total 88064K, used 63567K [0x00000000c0000000, 0x00000000c5600000, 0x00000000eab00000)
  object space 88064K, 72% used [0x00000000c0000000,0x00000000c3e13ee8,0x00000000c5600000)
 Metaspace       used 6477K, capacity 7256K, committed 7424K, reserved 1056768K
  class space    used 614K, capacity 656K, committed 768K, reserved 1048576K
Event: 17.813 GC heap after
Heap after GC invocations=11 (full 1):
 PSYoungGen      total 159744K, used 41973K [0x00000000eab00000, 0x00000000f8f80000, 0x0000000100000000)
  eden space 117760K, 0% used [0x00000000eab00000,0x00000000eab00000,0x00000000f1e00000)
  from space 41984K, 99% used [0x00000000f5100000,0x00000000f79fd418,0x00000000f7a00000)
  to   space 52224K, 0% used [0x00000000f1e00000,0x00000000f1e00000,0x00000000f5100000)
 ParOldGen       total 88064K, used 71722K [0x00000000c0000000, 0x00000000c5600000, 0x00000000eab00000)
  object space 88064K, 81% used [0x00000000c0000000,0x00000000c460ab18,0x00000000c5600000)
 Metaspace       used 6477K, capacity 7256K, committed 7424K, reserved 1056768K
  class space    used 614K, capacity 656K, committed 768K, reserved 1048576K
}
Event: 17.813 GC heap before
{Heap before GC invocations=12 (full 2):
 PSYoungGen      total 159744K, used 41973K [0x00000000eab00000, 0x00000000f8f80000, 0x0000000100000000)
  eden space 117760K, 0% used [0x00000000eab00000,0x00000000eab00000,0x00000000f1e00000)
  from space 41984K, 99% used [0x00000000f5100000,0x00000000f79fd418,0x00000000f7a00000)
  to   space 52224K, 0% used [0x00000000f1e00000,0x00000000f1e00000,0x00000000f5100000)
 ParOldGen       total 88064K, used 71722K [0x00000000c0000000, 0x00000000c5600000, 0x00000000eab00000)
  object space 88064K, 81% used [0x00000000c0000000,0x00000000c460ab18,0x00000000c5600000)
 Metaspace       used 6477K, capacity 7256K, committed 7424K, reserved 1056768K
  class space    used 614K, capacity 656K, committed 768K, reserved 1048576K
Event: 19.385 GC heap after
Heap after GC invocations=12 (full 2):
 PSYoungGen      total 159744K, used 22994K [0x00000000eab00000, 0x00000000f8f80000, 0x0000000100000000)
  eden space 117760K, 0% used [0x00000000eab00000,0x00000000eab00000,0x00000000f1e00000)
  from space 41984K, 54% used [0x00000000f5100000,0x00000000f6774a48,0x00000000f7a00000)
  to   space 52224K, 0% used [0x00000000f1e00000,0x00000000f1e00000,0x00000000f5100000)
 ParOldGen       total 155648K, used 87971K [0x00000000c0000000, 0x00000000c9800000, 0x00000000eab00000)
  object space 155648K, 56% used [0x00000000c0000000,0x00000000c55e8da8,0x00000000c9800000)
 Metaspace       used 6477K, capacity 7256K, committed 7424K, reserved 1056768K
  class space    used 614K, capacity 656K, committed 768K, reserved 1048576K
}
Event: 19.747 GC heap before
{Heap before GC invocations=13 (full 2):
 PSYoungGen      total 159744K, used 140754K [0x00000000eab00000, 0x00000000f8f80000, 0x0000000100000000)
  eden space 117760K, 100% used [0x00000000eab00000,0x00000000f1e00000,0x00000000f1e00000)
  from space 41984K, 54% used [0x00000000f5100000,0x00000000f6774a48,0x00000000f7a00000)
  to   space 52224K, 0% used [0x00000000f1e00000,0x00000000f1e00000,0x00000000f5100000)
 ParOldGen       total 155648K, used 87971K [0x00000000c0000000, 0x00000000c9800000, 0x00000000eab00000)
  object space 155648K, 56% used [0x00000000c0000000,0x00000000c55e8da8,0x00000000c9800000)
 Metaspace       used 6490K, capacity 7320K, committed 7680K, reserved 1056768K
  class space    used 614K, capacity 656K, committed 768K, reserved 1048576K
Event: 19.836 GC heap after
Heap after GC invocations=13 (full 2):
 PSYoungGen      total 169984K, used 40173K [0x00000000eab00000, 0x00000000f9d00000, 0x0000000100000000)
  eden space 117760K, 0% used [0x00000000eab00000,0x00000000eab00000,0x00000000f1e00000)
  from space 52224K, 76% used [0x00000000f1e00000,0x00000000f453b788,0x00000000f5100000)
  to   space 56320K, 0% used [0x00000000f6600000,0x00000000f6600000,0x00000000f9d00000)
 ParOldGen       total 155648K, used 91155K [0x00000000c0000000, 0x00000000c9800000, 0x00000000eab00000)
  object space 155648K, 58% used [0x00000000c0000000,0x00000000c5904da8,0x00000000c9800000)
 Metaspace       used 6490K, capacity 7320K, committed 7680K, reserved 1056768K
  class space    used 614K, capacity 656K, committed 768K, reserved 1048576K
}

